 STATISTICS :
demo.js:1 =========================================================
demo.js:1 section = 1. Process , n_samples = 1304
demo.js:1 TIMING: mean = 6.79064 , std = 4.60693 , min = 2 , max = 125
demo.js:1 =========================================================
demo.js:1 =========================================================
demo.js:1 section = 1.1. Detect Full , n_samples = 1
demo.js:1 TIMING: mean = 125 , std = 0 , min = 125 , max = 125
demo.js:1 =========================================================
demo.js:1 =========================================================
demo.js:1 section = 1.2. Detect_Create_kp_and_des , n_samples = 1
demo.js:1 TIMING: mean = 38 , std = 0 , min = 38 , max = 38
demo.js:1 =========================================================
demo.js:1 =========================================================
demo.js:1 section = 1.3. DetectDbow_query , n_samples = 1
demo.js:1 TIMING: mean = 1 , std = 0 , min = 1 , max = 1
demo.js:1 =========================================================
demo.js:1 =========================================================
demo.js:1 section = 1.4. Detect_1_Match , n_samples = 1
demo.js:1 TIMING: mean = 49 , std = 0 , min = 49 , max = 49
demo.js:1 =========================================================
demo.js:1 =========================================================
demo.js:1 section = 1.5. Detect_Find_1_Homography , n_samples = 1
demo.js:1 =========================================================
demo.js:1 =========================================================
demo.js:1 section = 1.6. Detect_Full_Match , n_samples = 1
demo.js:1 TIMING: mean = 51 , std = 0 , min = 51 , max = 51
demo.js:1 =========================================================
demo.js:1 =========================================================
demo.js:1 section = 1.7 Detect_Initialize_SCV , n_samples = 1
demo.js:1 TIMING: mean = 16 , std = 0 , min = 16 , max = 16
demo.js:1 =========================================================
demo.js:1 =========================================================
demo.js:1 section = 1.8 Detect_Check_SCV , n_samples = 1
demo.js:1 TIMING: mean = 6 , std = 0 , min = 6 , max = 6
demo.js:1 =========================================================
demo.js:1 =========================================================
demo.js:1 section = 1.9. ********************* , n_samples = 1303
demo.js:1 =========================================================
demo.js:1 =========================================================
demo.js:1 section = 2.0. Track_Total , n_samples = 1303
demo.js:1 TIMING: mean = 6.65848 , std = 3.24055 , min = 2 , max = 26
demo.js:1 =========================================================
demo.js:1 =========================================================
demo.js:1 section = 2.1. Track_OFLK , n_samples = 1303
demo.js:1 TIMING: mean = 2.08212 , std = 0.977181 , min = 1 , max = 8
demo.js:1 =========================================================
demo.js:1 =========================================================
demo.js:1 section = 2.2. Track_filtering , n_samples = 1303
demo.js:1 TIMING: mean = 0.00230238 , std = 0.0479278 , min = 0 , max = 1
demo.js:1 =========================================================
demo.js:1 =========================================================
demo.js:1 section = 2.3. Track_Homo , n_samples = 1303
demo.js:1 TIMING: mean = 0.143515 , std = 0.350597 , min = 0 , max = 1
demo.js:1 =========================================================
demo.js:1 =========================================================
demo.js:1 section = 2.4. Track_filter_inliers , n_samples = 1303
demo.js:1 TIMING: mean = 0.00153492 , std = 0.039148 , min = 0 , max = 1
demo.js:1 =========================================================
demo.js:1 =========================================================
demo.js:1 section = 2.5. Track_SCV , n_samples = 1303
demo.js:1 TIMING: mean = 3.11358 , std = 2.57015 , min = 0 , max = 20
demo.js:1 =========================================================
demo.js:1 =========================================================
demo.js:1 section = 2.6. Track_check_Spread , n_samples = 1303
demo.js:1 TIMING: mean = 0.00997698 , std = 0.0993853 , min = 0 , max = 1
demo.js:1 =========================================================
demo.js:1 =========================================================
demo.js:1 section = 2.7. Track_redetect , n_samples = 1303
demo.js:1 TIMING: mean = 0.056792 , std = 0.231445 , min = 0 , max = 1
demo.js:1 =========================================================
demo.js:1 =========================================================
demo.js:1 section = False_Track_SCV_failed , n_samples = 21
demo.js:1 =========================================================
demo.js:1 
demo.js:1 
demo.js:1 =========================================================
demo.js:1 section = Tracker_length (frames) , track queue = 1
demo.js:1 Alive frames: mean = 1303 , std = 0 , min = 1303 , max = 1303
demo.js:1 =========================================================
demo.js:1 
demo.js:1 
demo.js:1 18,7,1,4,2
demo.js:1 19,8,2,5,2
demo.js:1 20,6,1,4,2
demo.js:1 20,4,1,2,1
demo.js:1 21,6,2,3,1
demo.js:1 21,6,2,3,1
demo.js:1 22,6,2,3,1
demo.js:1 22,7,2,4,2
demo.js:1 23,7,2,4,2
demo.js:1 23,6,2,3,1
demo.js:1 24,6,2,3,1
demo.js:1 25,7,2,3,1
demo.js:1 26,18,5,8,2
demo.js:1 27,9,2,5,2
demo.js:1 28,5,1,3,2
demo.js:1 29,5,2,2,1
demo.js:1 30,5,1,3,1
demo.js:1 30,6,2,3,2
demo.js:1 31,5,1,2,1
demo.js:1 31,7,2,4,2
demo.js:1 32,6,2,3,1
demo.js:1 32,7,2,4,2
demo.js:1 33,6,2,3,1
demo.js:1 33,5,1,2,1
demo.js:1 34,5,1,2,1
demo.js:1 34,6,2,3,1
demo.js:1 35,6,2,2,1
demo.js:1 35,5,2,2,1
demo.js:1 36,8,3,3,1
demo.js:1 37,8,2,4,3
demo.js:1 38,7,2,4,1
demo.js:1 39,15,6,6,2
demo.js:1 40,6,2,3,2
demo.js:1 41,6,2,3,1
demo.js:1 42,6,1,3,1
demo.js:1 42,7,2,4,2
demo.js:1 43,7,2,4,2
demo.js:1 43,7,1,5,3
demo.js:1 44,5,1,2,1
demo.js:1 44,6,2,3,2
demo.js:1 45,5,1,2,1
demo.js:1 45,4,1,2,1
demo.js:1 46,10,2,6,3
demo.js:1 47,7,2,2,1
demo.js:1 48,6,2,3,1
demo.js:1 48,9,2,6,3
demo.js:1 49,8,2,4,1
demo.js:1 50,9,3,4,2
demo.js:1 51,7,2,3,1
demo.js:1 51,8,3,3,1
demo.js:1 52,9,4,3,1
demo.js:1 52,12,4,6,2
demo.js:1 53,8,2,5,3
demo.js:1 54,4,1,2,1
demo.js:1 54,7,2,4,2
demo.js:1 55,5,2,2,1
demo.js:1 56,22,6,12,3
demo.js:1 57,7,2,4,1
demo.js:1 58,5,2,1,1
demo.js:1 58,6,2,3,1
demo.js:1 59,5,2,2,1
demo.js:1 59,7,2,3,1
demo.js:1 60,7,3,3,1
demo.js:1 60,5,1,3,2
demo.js:1 61,6,2,3,1
demo.js:1 61,8,2,4,2
demo.js:1 62,5,1,2,1
demo.js:1 62,5,2,2,1
demo.js:1 63,7,1,4,2
demo.js:1 63,5,2,2,1
demo.js:1 63,5,1,2,1
demo.js:1 64,6,2,2,1
demo.js:1 64,5,1,2,1
demo.js:1 65,5,1,3,1
demo.js:1 66,16,6,6,1
demo.js:1 67,7,2,4,2
demo.js:1 68,5,2,2,1
demo.js:1 68,6,2,3,1
demo.js:1 69,5,2,2,1
demo.js:1 69,6,2,2,1
demo.js:1 70,6,2,3,1
demo.js:1 71,6,2,2,1
demo.js:1 71,6,2,2,1
demo.js:1 71,6,2,3,1
demo.js:1 72,6,1,3,1
demo.js:1 72,6,2,3,1
demo.js:1 72,6,3,2,1
demo.js:1 73,6,2,2,1
demo.js:1 73,5,2,2,1
demo.js:1 74,7,3,3,1
demo.js:1 74,6,2,3,1
demo.js:1 74,6,2,3,1
demo.js:1 75,8,3,4,2
demo.js:1 75,8,3,3,1
demo.js:1 76,7,2,3,2
demo.js:1 76,6,2,3,1
demo.js:1 77,4,1,2,1
demo.js:1 77,7,2,3,2
demo.js:1 78,16,6,5,1
demo.js:1 78,9,2,5,2
demo.js:1 79,6,2,3,1
demo.js:1 79,5,2,2,1
demo.js:1 80,6,1,3,2
demo.js:1 81,8,2,4,2
demo.js:1 82,10,3,5,3
demo.js:1 83,6,2,3,1
demo.js:1 83,6,2,3,2
demo.js:1 84,7,2,4,2
demo.js:1 85,6,2,3,1
demo.js:1 85,9,2,5,3
demo.js:1 86,6,3,2,1
demo.js:1 86,10,2,6,2
demo.js:1 87,5,2,2,1
demo.js:1 87,10,3,5,2
demo.js:1 88,5,2,2,1
demo.js:1 88,7,2,4,2
demo.js:1 89,6,2,3,1
demo.js:1 89,6,2,3,1
demo.js:1 90,7,1,3,2
demo.js:1 91,6,2,2,1
demo.js:1 91,6,2,3,1
demo.js:1 92,5,1,2,1
demo.js:1 92,9,3,5,2
demo.js:1 93,5,1,3,1
demo.js:1 93,7,2,4,2
demo.js:1 94,5,1,2,1
demo.js:1 94,5,2,3,1
demo.js:1 95,5,2,2,1
demo.js:1 96,6,2,3,1
demo.js:1 97,6,2,3,1
demo.js:1 97,10,3,4,2
demo.js:1 98,6,3,2,1
demo.js:1 98,5,2,2,1
demo.js:1 99,5,1,3,1
demo.js:1 99,8,2,4,2
demo.js:1 100,6,2,3,1
demo.js:1 100,7,2,4,2
demo.js:1 101,6,2,3,1
demo.js:1 101,5,1,2,1
demo.js:1 102,8,2,4,2
demo.js:1 103,5,2,2,1
demo.js:1 103,6,1,3,2
demo.js:1 104,5,2,2,1
demo.js:1 104,7,2,4,2
demo.js:1 105,5,2,2,1
demo.js:1 105,5,1,3,1
demo.js:1 106,6,2,3,1
demo.js:1 106,7,2,4,2
demo.js:1 107,7,2,3,1
demo.js:1 107,9,2,6,2
demo.js:1 108,8,1,4,2
demo.js:1 109,5,2,2,1
demo.js:1 109,9,2,5,3
demo.js:1 110,6,2,3,1
demo.js:1 110,7,2,4,2
demo.js:1 111,5,2,2,1
demo.js:1 111,7,2,4,2
demo.js:1 112,5,1,2,1
demo.js:1 112,9,1,6,3
demo.js:1 113,6,1,4,1
demo.js:1 113,5,1,3,1
demo.js:1 114,5,2,2,1
demo.js:1 114,5,1,2,1
demo.js:1 115,5,2,2,1
demo.js:1 116,5,2,2,1
demo.js:1 116,8,2,4,2
demo.js:1 117,6,2,3,1
demo.js:1 118,9,3,4,1
demo.js:1 118,8,3,3,1
demo.js:1 119,5,2,2,1
demo.js:1 120,11,3,6,2
demo.js:1 120,8,2,5,2
demo.js:1 121,8,2,5,2
demo.js:1 122,5,2,2,1
demo.js:1 122,6,2,2,1
demo.js:1 123,5,2,2,1
demo.js:1 123,9,3,4,1
demo.js:1 124,5,1,2,1
demo.js:1 124,5,1,2,1
demo.js:1 125,7,2,4,2
demo.js:1 126,6,2,2,1
demo.js:1 126,19,7,8,1
demo.js:1 128,13,4,6,1
demo.js:1 128,16,4,9,2
demo.js:1 129,12,4,5,1
demo.js:1 130,13,4,5,1
demo.js:1 131,15,4,8,2
demo.js:1 132,12,4,6,1
demo.js:1 133,14,5,7,1
demo.js:1 134,13,4,6,1
demo.js:1 135,13,5,6,1
demo.js:1 136,12,4,6,1
demo.js:1 136,10,3,4,1
demo.js:1 137,11,4,4,1
demo.js:1 138,10,3,5,1
demo.js:1 139,10,4,4,1
demo.js:1 139,9,3,4,1
demo.js:1 140,13,3,8,3
demo.js:1 140,9,3,4,1
demo.js:1 141,11,3,6,2
demo.js:1 142,9,3,4,1
demo.js:1 143,11,3,7,2
demo.js:1 143,10,2,5,1
demo.js:1 144,10,4,4,1
demo.js:1 145,6,2,3,1
demo.js:1 145,7,2,2,1
demo.js:1 146,6,1,3,1
demo.js:1 146,5,2,2,1
demo.js:1 146,6,2,3,2
demo.js:1 147,7,2,4,2
demo.js:1 148,7,2,4,2
demo.js:1 148,7,2,4,2
demo.js:1 149,7,2,4,2
demo.js:1 149,6,2,3,1
demo.js:1 150,8,3,4,2
demo.js:1 150,3,2,0,7861144
demo.js:1 151,3,1,0,7861144
demo.js:1 151,7,5,0,7861144
demo.js:1 152,5,3,0,7861144
demo.js:1 152,4,2,0,7861144
demo.js:1 153,2,1,0,7861144
demo.js:1 154,3,2,0,7861144
demo.js:1 155,4,2,0,7861144
demo.js:1 156,4,2,0,7861144
demo.js:1 157,4,2,0,7861144
demo.js:1 157,4,2,0,7861144
demo.js:1 158,3,2,0,7861144
demo.js:1 158,3,2,0,7861144
demo.js:1 158,3,1,0,7861144
demo.js:1 159,3,2,0,7861144
demo.js:1 159,3,2,0,7861144
demo.js:1 159,4,2,0,7861144
demo.js:1 160,3,2,0,7861144
demo.js:1 160,3,2,0,7861144
demo.js:1 160,3,2,0,7861144
demo.js:1 161,3,2,0,7861144
demo.js:1 161,4,3,0,7861144
demo.js:1 162,8,5,0,7861144
demo.js:1 162,4,3,0,7861144
demo.js:1 163,3,2,0,7861144
demo.js:1 163,4,2,0,7861144
demo.js:1 164,4,2,0,7861144
demo.js:1 164,4,2,0,7861144
demo.js:1 164,3,2,0,7861144
demo.js:1 165,6,3,0,7861144
demo.js:1 165,4,2,0,7861144
demo.js:1 166,3,2,0,7861144
demo.js:1 166,3,2,0,7861144
​ 166,4,2,0,7861144
​ 167,4,2,0,7861144
​ 167,3,2,0,7861144
​ 168,3,2,0,7861144
​ 168,4,2,0,7861144
​ 169,3,2,0,7861144
​ 170,4,2,0,7861144
​ 170,4,2,0,7861144
​ 171,3,2,0,7861144
​ 171,3,2,0,7861144
​ 172,4,2,0,7861144
​ 172,9,5,0,7861144
​ 173,9,6,0,7861144
​ 174,12,2,8,6
​ 174,5,2,2,1
​ 175,5,1,3,2
​ 176,8,3,4,1
​ 176,15,6,4,1
​ 177,6,2,3,1
​ 177,5,2,2,1
​ 178,6,2,3,1
​ 179,7,2,4,2
​ 180,7,2,4,2
​ 181,6,2,3,1
​ 181,14,5,6,2
​ 182,5,2,2,1
​ 183,6,2,3,1
​ 183,5,2,2,1
​ 184,6,2,3,1
​ 184,8,2,3,2
​ 185,7,2,4,2
​ 186,6,2,3,1
​ 187,7,2,3,2
​ 188,6,2,3,1
​ 188,6,2,3,1
​ 189,6,2,3,1
​ 189,8,2,5,2
​ 190,7,2,3,1
​ 190,8,2,4,3
​ 191,7,2,3,1
​ 191,8,2,4,2
​ 192,5,2,2,1
​ 192,5,2,2,1
​ 193,7,3,3,1
​ 194,7,1,4,2
​ 194,6,2,3,1
​ 195,5,2,2,1
​ 196,5,1,2,1
​ 196,6,2,3,1
​ 197,5,2,2,1
​ 197,6,2,3,2
​ 198,5,1,2,1
​ 198,6,2,3,1
​ 199,7,2,4,2
​ 199,6,1,4,1
​ 200,5,2,2,1
​ 201,5,2,2,1
​ 201,4,1,2,1
​ 202,6,2,2,1
​ 202,6,2,3,1
​ 203,6,2,3,1
​ 203,6,2,3,1
​ 204,6,2,2,1
​ 204,6,2,3,1
​ 205,6,2,3,1
​ 205,5,2,2,1
​ 206,6,2,2,1
​ 206,5,2,1,1
​ 207,6,2,3,1
​ 207,8,2,5,2
​ 208,7,2,3,1
​ 209,7,2,3,1
​ 209,8,2,5,2
​ 210,5,1,3,1
​ 210,8,2,4,2
​ 211,6,2,3,1
​ 211,9,3,5,3
​ 212,6,2,3,1
​ 212,6,1,3,1
​ 213,6,2,3,1
​ 213,6,2,3,1
​ 214,6,2,3,1
​ 214,6,2,3,1
​ 215,6,2,3,1
​ 215,5,1,2,1
​ 216,6,2,3,1
​ 216,5,1,3,1
​ 217,6,2,3,1
​ 218,8,2,4,2
​ 218,10,3,6,3
​ 219,6,2,3,2
​ 219,4,1,2,1
​ 220,5,2,2,1
​ 221,6,2,3,1
​ 221,8,2,4,2
​ 222,6,2,3,1
​ 222,8,2,4,2
​ 223,5,2,2,1
​ 223,5,1,3,2
​ 224,6,1,4,2
​ 225,5,1,2,1
​ 226,15,6,6,2
​ 227,5,2,2,1
​ 228,6,2,3,2
​ 229,5,2,2,1
​ 230,12,3,7,3
​ 230,6,2,3,1
​ 231,7,2,3,1
​ 231,5,2,2,1
​ 232,6,1,4,2
​ 232,6,2,3,1
​ 233,5,2,2,1
​ 233,6,2,2,1
​ 234,7,2,3,2
​ 235,7,2,4,2
​ 235,7,2,4,2
​ 236,5,1,2,1
​ 236,6,2,3,2
​ 237,6,2,3,1
​ 237,6,2,3,1
​ 238,6,2,3,1
​ 238,7,2,4,2
​ 239,6,2,3,1
​ 239,5,1,2,1
​ 240,6,1,2,1
​ 240,6,2,3,1
​ 241,7,2,4,2
​ 242,6,2,3,1
​ 242,5,1,2,1
​ 243,6,2,3,1
​ 243,7,2,4,2
​ 244,5,1,2,1
​ 244,5,1,2,1
​ 245,5,1,2,1
​ 245,7,2,4,2
​ 246,20,8,8,1
​ 248,7,2,3,1
​ 248,5,1,3,2
​ 249,5,2,2,1
​ 250,20,6,10,2
​ 251,6,2,2,1
​ 251,7,2,4,2
​ 252,5,1,2,1
​ 252,4,1,2,1
​ 253,6,2,3,1
​ 253,7,1,4,2
​ 255,6,1,4,2
​ 256,16,6,5,1
​ 257,6,2,3,2
​ 257,4,1,2,1
​ 258,5,1,3,2
​ 258,6,2,3,2
​ 259,7,2,4,2
​ 259,5,2,2,1
​ 260,5,2,2,1
​ 260,6,2,3,1
​ 261,5,1,2,1
​ 262,6,2,3,1
​ 262,7,2,4,2
​ 263,6,1,4,2
​ 263,11,4,4,1
​ 264,6,2,3,1
​ 264,4,1,2,1
​ 265,5,2,2,1
​ 265,6,1,3,2
​ 266,6,2,3,1
​ 267,5,1,2,1
​ 267,6,2,3,2
​ 269,7,2,4,2
​ 270,17,5,8,1
​ 271,8,2,4,2
​ 271,5,1,3,2
​ 272,6,2,3,2
​ 272,7,1,5,3
​ 273,6,1,4,2
​ 273,6,2,3,1
​ 274,6,1,3,2
​ 275,5,2,2,1
​ 275,7,2,4,2
​ 276,6,2,3,1
​ 276,8,2,4,2
​ 277,6,2,2,1
​ 277,7,2,4,2
​ 278,6,2,3,1
​ 278,5,1,3,1
​ 279,6,2,3,1
​ 279,8,2,5,3
​ 280,5,2,2,1
​ 281,17,7,5,1
​ 282,6,2,3,1
​ 283,5,2,2,1
​ 283,8,2,4,2
​ 284,6,2,3,1
​ 284,8,2,5,2
​ 285,7,2,3,1
​ 285,7,2,4,2
​ 286,5,2,2,1
​ 286,8,2,3,2
​ 287,6,2,3,1
​ 287,5,2,2,1
​ 288,11,3,6,2
​ 289,6,2,3,1
​ 289,6,1,4,3
​ 290,7,3,3,1
​ 291,6,2,3,1
​ 292,9,2,5,2
​ 292,7,2,3,1
​ 293,5,2,2,1
​ 294,7,2,4,2
​ 295,6,2,3,1
​ 295,12,5,5,1
​ 296,6,2,3,1
​ 296,8,2,5,2
​ 297,6,1,2,1
​ 297,4,2,2,1
​ 298,7,2,4,1
​ 299,10,2,6,2
​ 299,7,2,4,1
​ 300,6,2,3,1
​ 301,6,2,3,1
​ 301,7,2,4,2
​ 302,9,2,5,1
​ 303,8,3,3,1
​ 303,6,2,3,1
​ 304,6,2,3,1
​ 304,6,2,3,1
​ 305,5,2,2,1
​ 306,5,2,2,1
​ 306,9,2,5,2
​ 307,5,1,2,1
​ 308,8,2,5,2
​ 309,17,6,7,1
​ 310,8,3,3,1
​ 311,4,1,2,1
​ 311,4,1,2,1
​ 311,6,2,3,1
​ 312,5,1,3,1
​ 313,6,2,3,1
​ 313,5,1,2,1
​ 314,5,2,2,1
​ 314,5,2,2,1
​ 315,5,2,2,1
​ 316,20,5,11,2
​ 317,12,3,8,3
​ 318,8,2,5,2
​ 318,5,1,3,2
​ 319,5,2,2,1
​ 319,7,1,5,3
​ 320,7,2,4,2
​ 321,8,2,4,2
​ 321,6,2,2,1
​ 322,7,2,4,2
​ 322,4,1,2,1
​ 323,5,2,2,1
​ 323,7,2,2,1
​ 324,6,2,3,1
​ 324,6,2,3,1
​ 325,9,3,4,1
​ 326,7,2,3,1
​ 326,7,2,4,2
​ 327,6,2,3,1
​ 327,7,2,3,2
​ 328,6,2,3,1
​ 328,6,1,3,1
​ 329,5,1,3,1
​ 329,6,2,3,2
​ 330,6,2,3,1
​ 330,10,2,5,2
​ 331,9,3,4,1
​ 332,10,3,3,1
​ 332,6,1,4,1
​ 333,6,2,2,1
​ 333,6,2,3,2
​ 334,6,2,3,1
​ 334,5,1,3,2
​ 335,5,1,2,1
​ 335,6,1,4,2
​ 336,5,2,2,1
​ 336,6,2,3,1
​ 337,5,2,2,1
​ 337,6,2,3,1
​ 338,5,1,2,1
​ 338,6,1,3,2
​ 339,4,1,2,1
​ 340,5,2,2,1
​ 340,8,2,5,2
​ 341,7,3,3,1
​ 341,10,3,6,2
​ 342,6,2,3,1
​ 342,4,1,2,1
​ 343,5,1,3,1
​ 344,18,6,7,2
​ 345,6,2,3,2
​ 345,4,1,2,1
​ 346,6,2,3,1
​ 347,6,2,3,1
​ 347,5,2,2,1
​ 348,6,2,3,1
​ 348,14,6,5,1
​ 349,6,2,3,1
​ 350,6,2,3,1
​ 350,5,1,2,1
​ 351,5,2,2,1
​ 351,6,2,2,1
​ 352,5,2,2,1
​ 352,6,2,3,1
​ 353,7,3,3,1
​ 353,6,2,3,2
​ 354,6,2,3,1
​ 354,6,2,3,1
​ 354,5,2,2,1
​ 355,6,2,3,1
​ 355,5,2,2,1
​ 356,7,3,3,1
​ 356,4,1,2,1
​ 356,5,1,3,2
​ 357,6,2,3,1
​ 357,5,2,2,1
​ 358,5,2,2,1
​ 359,5,1,2,1
​ 359,18,5,8,2
​ 360,4,2,0,340
​ 361,3,2,0,340
​ 361,6,3,0,343
​ 362,5,3,0,343
​ 362,3,2,0,346
​ 363,3,2,0,350
​ 364,3,2,0,352
​ 365,3,2,0,352
​ 365,3,2,0,355
​ 366,3,2,0,355
​ 366,3,2,0,358
​ 367,4,2,0,360
​ 368,5,3,0,360
​ 368,5,3,0,362
​ 369,5,3,0,364
​ 370,5,3,0,364
​ 370,5,3,0,366
​ 371,3,2,0,366
​ 371,4,2,0,367
​ 372,4,3,0,367
​ 372,3,2,0,368
​ 373,4,2,0,368
​ 373,10,6,0,369
​ 374,4,2,0,369
​ 375,3,2,0,369
​ 375,3,2,0,370
​ 375,3,2,0,370
​ 376,4,2,0,370
​ 377,3,2,0,370
​ 377,3,2,0,370
​ 378,4,2,0,370
​ 378,3,2,0,370
​ 379,3,1,0,370
​ 379,10,6,0,370
​ 380,4,2,0,370
​ 381,3,2,0,369
​ 381,3,2,0,368
​ 381,3,2,0,368
​ 382,3,2,0,367
​ 383,3,2,0,367
​ 383,3,1,0,366
​ 384,3,1,0,364
​ 385,4,2,0,364
​ 385,4,2,0,363
​ 385,3,2,0,363
​ 386,9,5,0,363
​ 387,6,4,0,362
​ 387,3,2,0,361
​ 387,4,2,0,361
​ 388,11,7,0,360
​ 389,5,3,0,360
​ 389,4,2,0,359
​ 390,3,2,0,359
​ 391,4,2,0,357
​ 392,5,3,0,356
​ 392,4,3,0,354
​ 393,3,2,0,354
​ 393,4,2,0,353
​ 394,3,2,0,353
​ 394,2,2,0,351
​ 395,3,2,0,351
​ 395,3,2,0,350
​ 396,3,2,0,350
​ 396,3,1,0,348
​ 397,3,1,0,348
​ 397,3,2,0,346
​ 398,4,2,0,346
​ 398,3,2,0,344
​ 399,3,2,0,342
​ 400,5,3,0,340
​ 401,5,3,0,340
​ 401,13,2,10,6
​ 402,2,1,0,338
​ 402,5,2,2,1
​ 403,5,2,2,1
​ 403,6,2,2,1
​ 404,5,1,2,1
​ 405,7,2,4,2
​ 405,8,3,3,1
​ 406,7,1,3,2
​ 406,6,2,3,1
​ 407,5,2,2,1
​ 408,5,1,2,1
​ 408,6,2,3,2
​ 409,4,1,2,1
​ 409,6,2,2,1
​ 409,5,1,2,1
​ 410,5,1,2,1
​ 410,6,2,3,2
​ 411,5,2,2,1
​ 411,7,2,4,2
​ 412,6,2,3,1
​ 412,5,1,2,1
​ 412,8,2,4,2
​ 413,6,2,3,1
​ 413,5,2,2,1
​ 414,6,2,3,1
​ 414,6,2,2,1
​ 415,7,2,4,2
​ 416,6,2,3,1
​ 416,6,2,2,1
​ 417,6,2,2,1
​ 418,9,3,4,1
​ 419,10,4,4,1
​ 419,7,2,3,1
​ 420,8,3,3,1
​ 420,9,3,5,2
​ 421,6,2,2,1
​ 422,4,1,2,1
​ 422,4,2,2,1
​ 423,7,2,4,1
​ 424,7,2,4,1
​ 424,8,2,4,2
​ 425,7,2,3,1
​ 425,5,2,2,1
​ 425,6,2,2,1
​ 426,5,1,2,1
​ 426,6,2,2,1
​ 427,5,2,2,1
​ 427,5,2,2,1
​ 427,7,2,4,2
​ 428,5,1,2,1
​ 428,6,2,3,1
​ 429,5,2,2,1
​ 429,7,2,4,2
​ 430,5,1,2,1
​ 430,5,2,2,1
​ 431,6,1,3,2
​ 431,5,2,2,1
​ 432,7,2,3,1
​ 432,6,2,3,1
​ 433,6,2,3,1
​ 433,6,2,3,1
​ 434,5,2,2,1
​ 435,7,2,4,1
​ 435,9,2,5,2
​ 436,5,1,3,1
​ 437,7,2,4,2
​ 438,4,1,2,1
​ 439,6,2,3,1
​ 439,7,2,4,2
​ 440,6,2,3,1
​ 440,6,1,3,2
​ 441,6,2,3,1
​ 442,16,4,10,3
​ 443,11,3,4,1
​ 443,10,3,5,1
​ 444,6,2,3,1
​ 444,6,1,4,2
​ 445,7,1,4,2
​ 445,6,2,3,2
​ 446,5,2,2,1
​ 446,6,2,3,1
​ 447,8,2,4,2
​ 448,6,2,3,1
​ 448,8,2,4,2
​ 449,6,2,3,1
​ 449,6,2,3,1
​ 450,6,2,3,1
​ 450,6,2,3,2
​ 451,5,2,2,1
​ 451,6,2,3,2
​ 452,6,2,3,1
​ 452,6,2,2,1
​ 453,5,1,2,1
​ 453,4,1,2,1
​ 454,6,2,3,1
​ 455,6,2,3,1
​ 455,5,2,2,1
​ 456,6,2,3,1
​ 457,20,6,10,3
​ 458,7,2,4,2
​ 458,5,1,3,2
​ 459,5,2,2,1
​ 459,7,2,4,2
​ 460,13,4,6,2
​ 461,7,2,4,2
​ 462,5,2,2,1
​ 462,6,2,2,2
​ 463,6,2,2,1
​ 463,22,8,10,2
​ 465,9,2,5,2
​ 465,6,1,4,2
​ 466,4,1,2,1
​ 466,5,2,2,1
​ 468,9,3,5,2
​ 468,7,2,4,1
​ 469,5,1,3,1
​ 469,6,2,3,1
​ 470,5,2,2,1
​ 470,4,2,2,1
​ 471,6,2,3,1
​ 471,6,2,3,1
​ 472,6,2,3,1
​ 472,5,2,2,1
​ 473,7,2,3,2
​ 474,5,2,2,1
​ 475,8,2,4,1
​ 475,8,3,4,1
​ 476,6,2,3,1
​ 476,5,2,2,1
​ 477,16,5,7,1
​ 478,8,2,4,2
​ 478,5,1,2,1
​ 478,6,2,3,2
​ 479,5,2,2,1
​ 480,6,2,3,2
​ 480,5,2,2,1
​ 482,12,3,6,2
​ 482,11,4,5,1
​ 483,11,3,5,1
​ 484,10,3,5,2
​ 484,6,2,3,1
​ 484,4,1,2,1
​ 485,5,1,3,1
​ 485,5,1,2,1
​ 486,5,2,1,1
​ 486,5,1,2,1
​ 487,8,3,4,2
​ 488,6,2,3,1
​ 488,8,2,4,2
​ 489,5,2,2,1
​ 490,6,2,3,1
​ 491,23,6,13,3
​ 492,12,3,8,4
​ 493,10,2,6,4
​ 493,6,2,2,1
​ 494,10,2,6,4
​ 494,5,2,2,1
​ 494,11,1,9,7
​ 495,4,1,2,1
​ 495,5,2,2,1
​ 496,10,2,7,4
​ 497,10,2,7,4
​ 498,13,2,10,6
​ 498,5,1,3,2
​ 499,4,2,1,1
​ 500,10,2,6,3
​ 500,9,2,6,3
​ 501,5,1,3,1
​ 501,7,2,4,3
​ 502,10,3,5,1
​ 503,15,3,9,3
​ 504,13,3,8,5
​ 504,15,2,12,8
​ 505,6,1,4,3
​ 506,6,2,3,2
​ 506,17,1,14,9
​ 507,17,2,14,10
​ 508,18,2,14,10
​ 508,11,2,8,5
​ 509,4,1,2,1
​ 509,7,2,4,3
​ 510,8,1,6,3
​ 511,5,2,2,1
​ 511,7,2,4,1
​ 511,9,3,3,1
​ 512,6,2,3,2
​ 513,7,3,3,1
​ 513,5,2,2,1
​ 514,5,1,3,1
​ 514,6,2,2,2
​ 514,5,2,2,1
​ 515,6,2,3,1
​ 515,5,1,2,1
​ 516,5,1,3,1
​ 516,6,2,3,1
​ 516,6,2,3,2
​ 517,6,2,3,1
​ 517,6,2,3,1
​ 518,6,2,3,1
​ 518,6,2,2,1
​ 518,6,2,2,1
​ 519,6,1,3,2
​ 519,7,2,4,2
​ 520,6,2,3,1
​ 520,7,2,3,2
​ 521,5,2,2,1
​ 521,6,2,3,2
​ 522,6,2,3,1
​ 522,4,2,2,1
​ 523,6,2,3,1
​ 523,7,2,4,2
​ 524,7,2,4,2
​ 524,5,2,2,1
​ 524,5,2,2,1
​ 525,6,1,3,2
​ 525,5,1,2,1
​ 526,7,2,4,2
​ 526,5,2,2,1
​ 526,10,2,7,5
​ 527,4,1,2,1
​ 527,6,2,3,1
​ 527,5,2,2,1
​ 528,7,2,4,3
​ 528,7,2,4,2
​ 529,9,2,6,4
​ 529,11,2,8,5
​ 530,9,2,5,4
​ 530,11,1,9,6
​ 531,6,2,3,1
​ 532,20,2,16,10
​ 533,18,2,15,9
​ 533,18,2,14,9
​ 534,15,2,13,8
​ 535,15,2,12,8
​ 536,23,3,18,8
​ 537,22,3,17,8
​ 538,17,1,13,8
​ 538,14,2,11,8
​ 539,15,2,12,8
​ 540,15,2,12,8
​ 541,17,2,14,8
​ 542,22,2,18,8
​ 543,9,2,6,3
​ 543,17,2,13,8
​ 544,19,1,16,9
​ 545,11,2,8,6
​ 545,24,3,19,9
​ 547,26,3,20,9
​ 548,18,2,15,9
​ 548,12,2,9,6
​ 549,7,2,4,2
​ 550,15,2,12,7
​ 551,8,2,5,3
​ 551,11,2,7,4
​ 552,17,2,14,10
​ 553,8,2,5,4
​ 553,11,1,8,6
​ 554,12,2,9,6
​ 554,7,2,4,3
​ 555,7,1,5,3
​ 555,9,1,7,5
​ 556,6,2,2,1
​ 556,9,2,6,6
​ 557,13,2,10,7
​ 558,4,1,2,1
​ 558,4,1,2,1
​ 558,6,2,3,2
​ 559,10,2,6,3
​ 560,7,2,3,1
​ 560,7,2,4,3
​ 561,7,2,4,2
​ 561,8,2,5,3
​ 562,7,2,4,2
​ 562,6,2,3,2
​ 563,6,2,3,2
​ 563,7,2,4,2
​ 564,7,2,4,2
​ 564,5,2,2,1
​ 565,7,2,3,2
​ 566,5,2,2,1
​ 567,15,8,5,1
​ 568,7,2,4,2
​ 568,7,1,5,3
​ 569,6,2,2,1
​ 569,6,2,2,1
​ 570,5,1,2,1
​ 570,5,2,2,1
​ 571,6,2,3,1
​ 572,8,3,3,1
​ 572,5,2,2,1
​ 573,5,2,2,1
​ 573,5,2,2,1
​ 574,6,2,3,1
​ 574,5,1,3,1
​ 575,8,2,4,2
​ 576,6,2,3,1
​ 576,5,1,2,1
​ 577,6,2,3,1
​ 578,5,1,2,1
​ 578,5,1,3,1
​ 579,5,2,2,1
​ 579,6,2,3,1
​ 580,6,2,3,1
​ 580,21,6,9,2
​ 581,9,3,4,1
​ 582,5,1,3,1
​ 583,20,7,9,2
​ 584,7,2,4,2
​ 585,6,1,2,1
​ 585,8,1,6,2
​ 586,8,2,3,1
​ 587,7,1,4,3
​ 587,6,2,2,1
​ 588,7,2,4,2
​ 588,6,2,3,1
​ 589,5,2,2,1
​ 589,6,2,3,1
​ 590,6,2,2,1
​ 590,7,1,4,2
​ 591,6,2,2,1
​ 591,7,2,3,1
​ 592,6,2,3,1
​ 592,7,2,4,2
​ 593,6,2,2,1
​ 593,13,6,4,1
​ 595,8,3,3,1
​ 595,5,2,2,1
​ 596,7,2,3,1
​ 596,5,2,2,1
​ 596,6,2,3,2
​ 597,5,1,2,1
​ 597,8,2,5,2
​ 598,4,2,2,1
​ 598,7,1,4,2
​ 599,5,1,2,1
​ 599,6,1,2,1
​ 600,8,2,4,1
​ 601,6,2,3,1
​ 601,3,2,0,343
​ 602,3,2,0,343
​ 602,4,2,0,347
​ 603,3,2,0,347
​ 603,7,5,0,351
​ 604,3,2,0,351
​ 605,4,2,0,358
​ 606,3,2,0,358
​ 606,3,2,0,362
​ 606,3,2,0,362
​ 607,4,2,0,364
​ 608,3,2,0,364
​ 608,11,7,0,366
​ 609,5,3,0,367
​ 610,3,1,0,367
​ 610,3,2,0,368
​ 611,3,2,0,368
​ 611,3,2,0,368
​ 611,4,2,0,369
​ 611,3,1,0,369
​ 612,3,2,0,369
​ 612,4,2,0,369
​ 613,3,2,0,369
​ 613,3,2,0,370
​ 614,3,2,0,370
​ 614,10,6,0,370
​ 615,4,2,0,370
​ 615,4,2,0,370
​ 616,4,2,0,370
​ 616,9,6,0,370
​ 617,9,5,0,370
​ 618,4,2,0,369
​ 619,3,2,0,369
​ 619,2,1,0,370
​ 620,3,2,0,370
​ 620,3,2,0,370
​ 621,3,2,0,370
​ 621,4,2,0,370
​ 622,3,2,0,370
​ 622,4,2,0,370
​ 623,3,1,0,371
​ 623,3,2,0,371
​ 624,3,2,0,371
​ 625,3,2,0,371
​ 625,4,2,0,371
​ 626,3,2,0,371
​ 626,3,2,0,371
​ 627,3,2,0,371
​ 627,10,6,0,371
​ 628,5,3,0,371
​ 629,4,2,0,371
​ 630,3,2,0,371
​ 630,4,3,0,371
​ 631,3,2,0,371
​ 631,4,2,0,370
​ 632,3,2,0,370
​ 632,4,2,0,370
​ 633,4,2,0,370
​ 633,3,2,0,369
​ 634,3,2,0,369
​ 634,3,2,0,368
​ 635,4,2,0,368
​ 635,4,2,0,367
​ 636,4,2,0,366
​ 637,4,2,0,365
​ 638,3,2,0,365
​ 638,9,6,0,364
​ 639,4,2,0,364
​ 639,2,1,0,363
​ 640,2,1,0,363
​ 641,5,3,0,361
​ 641,4,2,0,361
​ 642,4,2,0,359
​ 642,5,3,0,359
​ 643,7,5,0,358
​ 644,3,2,0,356
​ 645,3,2,0,356
​ 645,3,1,0,355
​ 646,3,2,0,355
​ 646,4,2,0,353
​ 646,3,2,0,353
​ 647,4,3,0,353
​ 647,3,2,0,353
​ 647,3,2,0,351
​ 648,3,2,0,351
​ 648,4,2,0,351
​ 648,3,1,0,349
​ 648,3,2,0,349
​ 649,3,2,0,349
​ 649,3,2,0,347
​ 649,3,1,0,347
​ 650,3,2,0,347
​ 650,12,2,9,6
​ 651,3,2,0,344
​ 651,8,2,5,3
​ 652,5,1,2,1
​ 652,18,5,8,2
​ 653,7,3,2,1
​ 654,5,2,2,1
​ 654,6,2,3,2
​ 655,6,2,3,1
​ 655,6,2,3,1
​ 655,6,2,3,2
​ 656,5,1,3,1
​ 656,6,2,3,1
​ 657,6,2,3,1
​ 657,5,2,2,1
​ 657,5,2,1,1
​ 658,5,1,2,1
​ 658,6,2,2,1
​ 658,5,2,2,1
​ 659,6,1,2,1
​ 659,5,1,3,2
​ 660,9,2,5,3
​ 660,5,2,2,1
​ 660,7,2,4,3
​ 661,7,3,3,2
​ 661,7,2,4,3
​ 662,6,2,2,1
​ 662,5,2,2,1
​ 662,9,2,6,4
​ 663,7,2,4,2
​ 663,10,2,7,5
​ 664,6,2,2,1
​ 664,5,2,2,1
​ 664,7,2,4,3
​ 665,7,2,3,2
​ 665,8,2,5,4
​ 666,8,2,5,3
​ 666,8,2,5,5
​ 667,7,2,4,3
​ 668,7,2,3,2
​ 668,5,2,2,1
​ 668,5,2,2,1
​ 669,5,1,2,1
​ 669,9,2,6,3
​ 670,8,2,4,2
​ 670,11,2,7,4
​ 671,9,2,5,3
​ 671,7,1,5,4
​ 672,5,2,2,1
​ 672,12,2,9,5
​ 673,11,2,7,4
​ 674,6,1,4,2
​ 674,20,2,17,10
​ 675,14,2,11,7
​ 676,6,2,3,1
​ 677,9,1,6,3
​ 677,7,2,4,2
​ 678,6,2,3,2
​ 678,5,2,2,1
​ 678,6,2,3,2
​ 679,7,3,3,2
​ 679,9,2,6,3
​ 680,6,2,3,1
​ 680,7,3,3,1
​ 681,6,2,3,1
​ 681,5,2,2,1
​ 682,5,1,2,1
​ 683,6,2,3,1
​ 683,7,2,4,2
​ 684,5,1,2,1
​ 685,12,4,6,1
​ 686,10,4,4,1
​ 686,6,2,3,1
​ 687,7,2,3,1
​ 687,6,2,3,1
​ 688,5,1,2,1
​ 689,9,3,4,1
​ 689,7,2,2,1
​ 690,5,1,3,1
​ 690,6,1,4,2
​ 691,5,2,2,1
​ 691,7,2,4,2
​ 692,8,3,4,2
​ 693,7,2,3,1
​ 693,6,1,3,2
​ 694,7,2,2,1
​ 694,8,2,5,3
​ 695,5,1,2,1
​ 695,6,2,2,1
​ 696,5,1,3,1
​ 696,5,2,2,1
​ 697,5,2,2,1
​ 698,6,2,3,1
​ 698,6,2,3,1
​ 699,5,2,2,1
​ 699,16,7,6,2
​ 700,6,2,2,1
​ 701,6,2,3,2
​ 701,5,2,2,1
​ 702,8,2,5,3
​ 703,6,1,3,2
​ 703,5,1,2,1
​ 703,8,2,5,3
​ 704,8,2,5,3
​ 704,6,1,3,2
​ 705,6,2,3,1
​ 705,5,2,2,1
​ 705,8,3,4,3
​ 706,5,2,2,1
​ 706,9,2,6,3
​ 707,7,2,4,2
​ 707,6,2,3,1
​ 708,9,2,6,3
​ 708,9,2,5,3
​ 709,8,2,5,4
​ 709,5,1,3,1
​ 710,11,1,9,6
​ 710,13,2,10,7
​ 711,6,1,4,2
​ 711,8,2,5,3
​ 712,5,2,2,1
​ 713,15,5,6,1
​ 714,6,2,3,1
​ 714,5,1,3,1
​ 714,9,1,7,4
​ 715,12,2,9,7
​ 716,7,2,4,2
​ 716,13,2,9,6
​ 717,8,2,6,4
​ 717,9,1,7,5
​ 718,8,2,5,3
​ 718,11,2,7,4
​ 719,8,2,4,3
​ 719,5,2,2,1
​ 720,8,2,5,3
​ 720,6,2,3,1
​ 721,6,1,4,2
​ 721,7,2,3,1
​ 722,9,2,6,3
​ 722,6,2,3,1
​ 723,7,2,3,1
​ 723,6,2,3,1
​ 724,6,2,3,1
​ 725,6,2,2,1
​ 725,6,2,3,2
​ 726,6,2,3,1
​ 726,8,2,4,2
​ 727,8,2,5,2
​ 727,6,2,3,1
​ 728,4,1,2,1
​ 728,6,1,4,2
​ 729,7,2,4,2
​ 730,18,6,9,1
​ 731,7,2,3,1
​ 731,5,2,2,1
​ 732,7,2,4,2
​ 732,6,2,3,1
​ 733,7,2,4,2
​ 733,7,1,4,2
​ 734,6,2,3,1
​ 734,5,2,2,1
​ 734,5,2,2,1
​ 735,5,2,2,1
​ 735,7,2,4,2
​ 736,5,1,2,1
​ 736,5,2,2,1
​ 736,8,2,5,3
​ 737,5,2,2,1
​ 737,7,2,4,2
​ 738,6,2,3,1
​ 738,5,1,2,1
​ 739,6,1,3,2
​ 739,5,2,2,1
​ 740,6,2,2,1
​ 740,4,1,2,1
​ 740,6,2,3,2
​ 741,8,2,4,2
​ 741,5,1,3,2
​ 742,5,1,3,1
​ 743,5,2,2,1
​ 743,7,1,4,3
​ 744,6,1,4,2
​ 745,8,2,4,2
​ 745,8,2,5,2
​ 746,7,2,3,1
​ 746,9,2,5,3
​ 747,6,2,3,1
​ 747,7,2,4,2
​ 748,5,2,2,1
​ 748,5,1,3,1
​ 749,6,2,3,2
​ 750,5,2,2,1
​ 750,5,2,2,1
​ 750,8,2,4,2
​ 751,5,1,2,1
​ 752,6,2,3,1
​ 752,5,1,2,1
​ 753,5,1,2,1
​ 753,8,2,5,2
​ 754,6,2,3,1
​ 754,5,2,2,1
​ 755,6,2,3,1
​ 755,6,2,3,1
​ 756,6,2,3,1
​ 756,6,1,3,2
​ 757,6,2,3,1
​ 758,5,1,2,1
​ 759,21,6,12,2
​ 760,9,3,4,1
​ 760,10,3,5,2
​ 761,6,2,3,1
​ 762,5,1,3,1
​ 762,5,1,2,1
​ 762,6,2,3,1
​ 763,5,2,2,1
​ 763,7,2,4,2
​ 764,5,1,2,1
​ 765,6,2,3,1
​ 765,8,2,4,2
​ 766,5,2,2,1
​ 767,21,7,8,2
​ 768,7,2,4,2
​ 768,4,1,2,1
​ 769,6,2,3,1
​ 769,4,1,2,1
​ 770,6,2,2,1
​ 770,6,2,3,2
​ 770,6,2,3,1
​ 771,5,1,2,1
​ 771,7,2,4,2
​ 772,6,2,3,2
​ 772,6,2,3,1
​ http://192.168.1.53:8898/VideoHardFrame/m1_or_move.mp4.mp4
